<?xml version="1.0" encoding="UTF-8" standalone="no"?>
<databaseChangeLog xmlns="http://www.liquibase.org/xml/ns/dbchangelog"
                   xmlns:xsi="http://www.w3.org/2001/XMLSchema-instance"
                   xsi:schemaLocation="http://www.liquibase.org/xml/ns/dbchangelog http://www.liquibase.org/xml/ns/dbchangelog/dbchangelog-2.0.xsd">
<changeSet id="new_table_change" author="the_man">
    <createTable tableName="new_table">
        <column name="id" type="int"/>
    </createTable>
    <rollback>
        <dropTable tableName="new_table"/>
    </rollback>
</changeSet>
</databaseChangeLog>